<?xml version="1.0" encoding="UTF-8"?>
<!-- Generated by org.testng.reporters.JUnitReportReporter -->
<testsuite skipped="0" hostname="DESKTOP-EHD4VPN" name="testNG_Priority.NewTest" tests="4" failures="0" timestamp="2022-03-06T13:20:58 IST" time="0.013" errors="0">
  <testcase name="a" time="0.007" classname="testNG_Priority.NewTest"/>
  <system-out/>
  <testcase name="b" time="0.002" classname="testNG_Priority.NewTest"/>
  <system-out/>
  <testcase name="c" time="0.002" classname="testNG_Priority.NewTest"/>
  <system-out/>
  <testcase name="e" time="0.002" classname="testNG_Priority.NewTest"/>
  <system-out/>
</testsuite> <!-- testNG_Priority.NewTest -->
