<?xml version="1.0" encoding="UTF-8"?>
<!-- Generated by org.testng.reporters.JUnitReportReporter -->
<testsuite skipped="0" hostname="DESKTOP-EHD4VPN" name="DataProvider.DataProviderDemo" tests="2" failures="0" timestamp="2022-03-03T17:57:32 IST" time="0.016" errors="0">
  <testcase name="login" time="0.000" classname="DataProvider.DataProviderDemo"/>
  <system-out/>
  <testcase name="login" time="0.016" classname="DataProvider.DataProviderDemo"/>
  <system-out/>
</testsuite> <!-- DataProvider.DataProviderDemo -->
