<?xml version="1.0" encoding="UTF-8"?>
<!-- Generated by org.testng.reporters.JUnitReportReporter -->
<testsuite skipped="0" hostname="DESKTOP-EHD4VPN" name="Testng_grouping.GroupingDemo" tests="2" failures="0" timestamp="2022-02-23T10:47:41 IST" time="0.040" errors="0">
  <testcase name="MKulkarni" time="0.037" classname="Testng_grouping.GroupingDemo"/>
  <system-out/>
  <testcase name="sKulkarni" time="0.003" classname="Testng_grouping.GroupingDemo"/>
  <system-out/>
</testsuite> <!-- Testng_grouping.GroupingDemo -->
